<?xml version="1.0" encoding="UTF-8"?>
<!-- Generated by org.testng.reporters.JUnitReportReporter -->
<testsuite skipped="0" hostname="namet5" name="com.master.qa.testcases.CategoryPageTest" tests="1" failures="0" timestamp="24 Dec 2018 08:36:40 GMT" time="736.600" errors="0">
  <testcase name="AddNewCateDataTest" time="736.600" classname="com.master.qa.testcases.CategoryPageTest"/>
</testsuite> <!-- com.master.qa.testcases.CategoryPageTest -->
