<?xml version="1.0" encoding="UTF-8"?>
<!-- Generated by org.testng.reporters.JUnitReportReporter -->
<testsuite skipped="0" hostname="namet5" name="com.master.qa.testcases.DepartMentPageTest" tests="3" failures="0" timestamp="21 Dec 2018 11:08:55 GMT" time="81.663" errors="0">
  <testcase name="depaWindowTitleTest" time="14.126" classname="com.master.qa.testcases.DepartMentPageTest"/>
  <testcase name="depaNameAndCodeTest" time="52.401" classname="com.master.qa.testcases.DepartMentPageTest"/>
  <testcase name="depaCancelClickTest" time="15.136" classname="com.master.qa.testcases.DepartMentPageTest"/>
</testsuite> <!-- com.master.qa.testcases.DepartMentPageTest -->
