<?xml version="1.0" encoding="UTF-8"?>
<!-- Generated by org.testng.reporters.JUnitReportReporter -->
<testsuite skipped="0" hostname="namet5" name="com.master.qa.testcases.CategoryPageTest" tests="1" failures="0" timestamp="11 Jan 2019 05:40:51 GMT" time="1895.369" errors="0">
  <testcase name="AddNewCateDataTest" time="1895.369" classname="com.master.qa.testcases.CategoryPageTest"/>
</testsuite> <!-- com.master.qa.testcases.CategoryPageTest -->
