<?xml version="1.0" encoding="UTF-8"?>
<!-- Generated by org.testng.reporters.JUnitReportReporter -->
<testsuite skipped="0" hostname="namet5" name="com.master.qa.testcases.LoginPageTest" tests="3" failures="0" timestamp="07 Dec 2018 13:12:41 GMT" time="21.932" errors="0">
  <testcase name="loginLogoTest" time="7.187" classname="com.master.qa.testcases.LoginPageTest"/>
  <testcase name="loginLogoTest1" time="6.965" classname="com.master.qa.testcases.LoginPageTest"/>
  <testcase name="loginTest" time="7.780" classname="com.master.qa.testcases.LoginPageTest"/>
</testsuite> <!-- com.master.qa.testcases.LoginPageTest -->
