<?xml version="1.0" encoding="UTF-8"?>
<!-- Generated by org.testng.reporters.JUnitReportReporter -->
<testsuite skipped="0" hostname="namet5" name="com.master.qa.testcases.HomePageTest" tests="3" failures="0" timestamp="14 Dec 2018 11:49:56 GMT" time="40.500" errors="0">
  <testcase name="DepaPageTitleTest" time="14.368" classname="com.master.qa.testcases.HomePageTest"/>
  <testcase name="DepartTextTest" time="13.939" classname="com.master.qa.testcases.HomePageTest"/>
  <testcase name="addNewdepaTest" time="12.193" classname="com.master.qa.testcases.HomePageTest"/>
</testsuite> <!-- com.master.qa.testcases.HomePageTest -->
